  Camera.cpp
c:\users\id student\desktop\hannah zhang\day 3\camera\camera\camera.cpp(61): warning C4305: '-=': truncation from 'double' to 'T'
          with
          [
              T=float
          ]
c:\users\id student\desktop\hannah zhang\day 3\camera\camera\camera.cpp(63): warning C4305: '+=': truncation from 'double' to 'T'
          with
          [
              T=float
          ]
c:\users\id student\desktop\hannah zhang\day 3\camera\camera\camera.cpp(65): warning C4305: '-=': truncation from 'double' to 'T'
          with
          [
              T=float
          ]
c:\users\id student\desktop\hannah zhang\day 3\camera\camera\camera.cpp(67): warning C4305: '+=': truncation from 'double' to 'T'
          with
          [
              T=float
          ]
  Camera.vcxproj -> C:\Users\iD Student\Desktop\Hannah Zhang\Day 3\Camera\x64\Debug\Camera.exe
